<?xml version="1.0" encoding="UTF-8"?>
<!-- Generated by org.testng.reporters.JUnitReportReporter -->
<testsuite hostname="Tinas-MacBook-Pro.local" failures="0" tests="3" name="test.testng.DataProviderTest" time="0.338" errors="0" timestamp="2022-10-20T13:52:56 GMT-04:00" skipped="0">
  <testcase classname="test.testng.DataProviderTest" name="testDataProvider" time="0.289"/>
  <system-out/>
  <testcase classname="test.testng.DataProviderTest" name="testDataProvider" time="0.025"/>
  <system-out/>
  <testcase classname="test.testng.DataProviderTest" name="testDataProvider" time="0.024"/>
  <system-out/>
</testsuite> <!-- test.testng.DataProviderTest -->
