<?xml version="1.0" encoding="UTF-8"?>
<!-- Generated by org.testng.reporters.JUnitReportReporter -->
<testsuite hostname="Tinas-MacBook-Pro.local" failures="0" tests="1" name="test.testng.TestNGHook04" time="0.039" errors="0" timestamp="2022-10-20T13:52:56 GMT-04:00" skipped="0">
  <testcase classname="test.testng.TestNGHook04" name="testSth" time="0.039"/>
  <system-out/>
</testsuite> <!-- test.testng.TestNGHook04 -->
